#
# There is insufficient memory for the Java Runtime Environment to continue.
# Native memory allocation (malloc) failed to allocate 256448 bytes. Error detail: Chunk::new
# Possible reasons:
#   The system is out of physical RAM or swap space
#   This process is running with CompressedOops enabled, and the Java Heap may be blocking the growth of the native heap
# Possible solutions:
#   Reduce memory load on the system
#   Increase physical memory or swap space
#   Check if swap backing store is full
#   Decrease Java heap size (-Xmx/-Xms)
#   Decrease number of Java threads
#   Decrease Java thread stack sizes (-Xss)
#   Set larger code cache with -XX:ReservedCodeCacheSize=
#   JVM is running with Unscaled Compressed Oops mode in which the Java heap is
#     placed in the first 4GB address space. The Java Heap base address is the
#     maximum limit for the native heap growth. Please use -XX:HeapBaseMinAddress
#     to set the Java Heap base and to place the Java Heap above 4GB virtual address.
# This output file may be truncated or incomplete.
#
#  Out of Memory Error (arena.cpp:191), pid=13860, tid=13812
#
# JRE version: OpenJDK Runtime Environment JBR-17.0.11+1-1207.24-jcef (17.0.11+1) (build 17.0.11+1-b1207.24)
# Java VM: OpenJDK 64-Bit Server VM JBR-17.0.11+1-1207.24-jcef (17.0.11+1-b1207.24, mixed mode, tiered, compressed oops, compressed class ptrs, g1 gc, windows-amd64)
# No core dump will be written. Minidumps are not enabled by default on client versions of Windows
#

---------------  S U M M A R Y ------------

Command Line: git4idea.http.GitAskPassApp Username for 'https://github.com': 

Host: Intel(R) Core(TM) i7-8550U CPU @ 1.80GHz, 8 cores, 7G,  Windows 10 , 64 bit Build 19041 (10.0.19041.4957)
Time: Sat Oct 12 15:03:02 2024 Malay Peninsula Standard Time elapsed time: 0.663836 seconds (0d 0h 0m 0s)

---------------  T H R E A D  ---------------

Current thread (0x0000018da437c020):  JavaThread "C2 CompilerThread1" daemon [_thread_in_native, id=13812, stack(0x000000343f800000,0x000000343f900000)]


Current CompileTask:
C2:    663 1061       4       jdk.internal.org.objectweb.asm.SymbolTable::addConstantUtf8 (98 bytes)

Stack: [0x000000343f800000,0x000000343f900000]
Native frames: (J=compiled Java code, j=interpreted, Vv=VM code, C=native code)
V  [jvm.dll+0x6877f9]
V  [jvm.dll+0x8411aa]
V  [jvm.dll+0x842e2e]
V  [jvm.dll+0x843493]
V  [jvm.dll+0x249fdf]
V  [jvm.dll+0xac544]
V  [jvm.dll+0xacb8c]
V  [jvm.dll+0x369897]
V  [jvm.dll+0x333dca]
V  [jvm.dll+0x33326a]
V  [jvm.dll+0x21bb81]
V  [jvm.dll+0x21afc1]
V  [jvm.dll+0x1a637d]
V  [jvm.dll+0x22ae8e]
V  [jvm.dll+0x229015]
V  [jvm.dll+0x7f53a7]
V  [jvm.dll+0x7ef7aa]
V  [jvm.dll+0x686675]
C  [ucrtbase.dll+0x21bb2]
C  [KERNEL32.DLL+0x17374]
C  [ntdll.dll+0x4cc91]


---------------  P R O C E S S  ---------------

Threads class SMR info:
_java_thread_list=0x0000018da43a7670, length=16, elements={
0x0000018d831ae7c0, 0x0000018d9f553620, 0x0000018d9f5544a0, 0x0000018d9f408570,
0x0000018d9f40c050, 0x0000018d9f40ca10, 0x0000018d9f40d3d0, 0x0000018d9f40e170,
0x0000018d9f57d260, 0x0000018d9f57fb80, 0x0000018d9f718fb0, 0x0000018d9f722750,
0x0000018da41c9460, 0x0000018da41cde60, 0x0000018da435f090, 0x0000018da437c020
}

Java Threads: ( => current thread )
  0x0000018d831ae7c0 JavaThread "main" [_thread_blocked, id=13604, stack(0x000000343e100000,0x000000343e200000)]
  0x0000018d9f553620 JavaThread "Reference Handler" daemon [_thread_blocked, id=11832, stack(0x000000343e800000,0x000000343e900000)]
  0x0000018d9f5544a0 JavaThread "Finalizer" daemon [_thread_blocked, id=15012, stack(0x000000343e900000,0x000000343ea00000)]
  0x0000018d9f408570 JavaThread "Signal Dispatcher" daemon [_thread_blocked, id=7864, stack(0x000000343ea00000,0x000000343eb00000)]
  0x0000018d9f40c050 JavaThread "Attach Listener" daemon [_thread_blocked, id=3560, stack(0x000000343eb00000,0x000000343ec00000)]
  0x0000018d9f40ca10 JavaThread "Service Thread" daemon [_thread_blocked, id=14096, stack(0x000000343ec00000,0x000000343ed00000)]
  0x0000018d9f40d3d0 JavaThread "Monitor Deflation Thread" daemon [_thread_blocked, id=4888, stack(0x000000343ed00000,0x000000343ee00000)]
  0x0000018d9f40e170 JavaThread "C2 CompilerThread0" daemon [_thread_blocked, id=5708, stack(0x000000343ee00000,0x000000343ef00000)]
  0x0000018d9f57d260 JavaThread "C1 CompilerThread0" daemon [_thread_blocked, id=2072, stack(0x000000343ef00000,0x000000343f000000)]
  0x0000018d9f57fb80 JavaThread "Sweeper thread" daemon [_thread_blocked, id=2940, stack(0x000000343f000000,0x000000343f100000)]
  0x0000018d9f718fb0 JavaThread "Notification Thread" daemon [_thread_blocked, id=10412, stack(0x000000343f100000,0x000000343f200000)]
  0x0000018d9f722750 JavaThread "Common-Cleaner" daemon [_thread_blocked, id=7768, stack(0x000000343f300000,0x000000343f400000)]
  0x0000018da41c9460 JavaThread "HttpClient-1-SelectorManager" daemon [_thread_in_native, id=9536, stack(0x000000343f400000,0x000000343f500000)]
  0x0000018da41cde60 JavaThread "HttpClient-1-Worker-0" daemon [_thread_blocked, id=18000, stack(0x000000343f600000,0x000000343f700000)]
  0x0000018da435f090 JavaThread "HttpClient-1-Worker-1" daemon [_thread_blocked, id=8972, stack(0x000000343f700000,0x000000343f800000)]
=>0x0000018da437c020 JavaThread "C2 CompilerThread1" daemon [_thread_in_native, id=13812, stack(0x000000343f800000,0x000000343f900000)]

Other Threads:
  0x0000018d9f3f5330 VMThread "VM Thread" [stack: 0x000000343e700000,0x000000343e800000] [id=11320]
  0x0000018d9f719490 WatcherThread [stack: 0x000000343f200000,0x000000343f300000] [id=11196]
  0x0000018d853ebd00 GCTaskThread "GC Thread#0" [stack: 0x000000343e200000,0x000000343e300000] [id=7756]
  0x0000018d853fc960 ConcurrentGCThread "G1 Main Marker" [stack: 0x000000343e300000,0x000000343e400000] [id=16728]
  0x0000018d853fd380 ConcurrentGCThread "G1 Conc#0" [stack: 0x000000343e400000,0x000000343e500000] [id=9188]
  0x0000018d8544e460 ConcurrentGCThread "G1 Refine#0" [stack: 0x000000343e500000,0x000000343e600000] [id=3200]
  0x0000018d9f24c110 ConcurrentGCThread "G1 Service" [stack: 0x000000343e600000,0x000000343e700000] [id=18416]

Threads with active compile tasks:
C2 CompilerThread1      700 1061       4       jdk.internal.org.objectweb.asm.SymbolTable::addConstantUtf8 (98 bytes)

VM state: not at safepoint (normal execution)

VM Mutex/Monitor currently owned by a thread: None

Heap address: 0x0000000081800000, size: 2024 MB, Compressed Oops mode: 32-bit

CDS archive(s) not mapped
Compressed class space mapped at: 0x0000000100000000-0x0000000140000000, reserved size: 1073741824
Narrow klass base: 0x0000000000000000, Narrow klass shift: 3, Narrow klass range: 0x140000000

GC Precious Log:
 CPUs: 8 total, 8 available
 Memory: 8089M
 Large Page Support: Disabled
 NUMA Support: Disabled
 Compressed Oops: Enabled (32-bit)
 Heap Region Size: 1M
 Heap Min Capacity: 8M
 Heap Initial Capacity: 128M
 Heap Max Capacity: 2024M
 Pre-touch: Disabled
 Parallel Workers: 8
 Concurrent Workers: 2
 Concurrent Refinement Workers: 8
 Periodic GC: Disabled

Heap:
 garbage-first heap   total 131072K, used 13312K [0x0000000081800000, 0x0000000100000000)
  region size 1024K, 15 young (15360K), 0 survivors (0K)
 Metaspace       used 16843K, committed 17088K, reserved 1114112K
  class space    used 1796K, committed 1920K, reserved 1048576K

Heap Regions: E=young(eden), S=young(survivor), O=old, HS=humongous(starts), HC=humongous(continues), CS=collection set, F=free, OA=open archive, CA=closed archive, TAMS=top-at-mark-start (previous, next)
|   0|0x0000000081800000, 0x0000000081800000, 0x0000000081900000|  0%| F|  |TAMS 0x0000000081800000, 0x0000000081800000| Untracked 
|   1|0x0000000081900000, 0x0000000081900000, 0x0000000081a00000|  0%| F|  |TAMS 0x0000000081900000, 0x0000000081900000| Untracked 
|   2|0x0000000081a00000, 0x0000000081a00000, 0x0000000081b00000|  0%| F|  |TAMS 0x0000000081a00000, 0x0000000081a00000| Untracked 
|   3|0x0000000081b00000, 0x0000000081b00000, 0x0000000081c00000|  0%| F|  |TAMS 0x0000000081b00000, 0x0000000081b00000| Untracked 
|   4|0x0000000081c00000, 0x0000000081c00000, 0x0000000081d00000|  0%| F|  |TAMS 0x0000000081c00000, 0x0000000081c00000| Untracked 
|   5|0x0000000081d00000, 0x0000000081d00000, 0x0000000081e00000|  0%| F|  |TAMS 0x0000000081d00000, 0x0000000081d00000| Untracked 
|   6|0x0000000081e00000, 0x0000000081e00000, 0x0000000081f00000|  0%| F|  |TAMS 0x0000000081e00000, 0x0000000081e00000| Untracked 
|   7|0x0000000081f00000, 0x0000000081f00000, 0x0000000082000000|  0%| F|  |TAMS 0x0000000081f00000, 0x0000000081f00000| Untracked 
|   8|0x0000000082000000, 0x0000000082000000, 0x0000000082100000|  0%| F|  |TAMS 0x0000000082000000, 0x0000000082000000| Untracked 
|   9|0x0000000082100000, 0x0000000082100000, 0x0000000082200000|  0%| F|  |TAMS 0x0000000082100000, 0x0000000082100000| Untracked 
|  10|0x0000000082200000, 0x0000000082200000, 0x0000000082300000|  0%| F|  |TAMS 0x0000000082200000, 0x0000000082200000| Untracked 
|  11|0x0000000082300000, 0x0000000082300000, 0x0000000082400000|  0%| F|  |TAMS 0x0000000082300000, 0x0000000082300000| Untracked 
|  12|0x0000000082400000, 0x0000000082400000, 0x0000000082500000|  0%| F|  |TAMS 0x0000000082400000, 0x0000000082400000| Untracked 
|  13|0x0000000082500000, 0x0000000082500000, 0x0000000082600000|  0%| F|  |TAMS 0x0000000082500000, 0x0000000082500000| Untracked 
|  14|0x0000000082600000, 0x0000000082600000, 0x0000000082700000|  0%| F|  |TAMS 0x0000000082600000, 0x0000000082600000| Untracked 
|  15|0x0000000082700000, 0x0000000082700000, 0x0000000082800000|  0%| F|  |TAMS 0x0000000082700000, 0x0000000082700000| Untracked 
|  16|0x0000000082800000, 0x0000000082800000, 0x0000000082900000|  0%| F|  |TAMS 0x0000000082800000, 0x0000000082800000| Untracked 
|  17|0x0000000082900000, 0x0000000082900000, 0x0000000082a00000|  0%| F|  |TAMS 0x0000000082900000, 0x0000000082900000| Untracked 
|  18|0x0000000082a00000, 0x0000000082a00000, 0x0000000082b00000|  0%| F|  |TAMS 0x0000000082a00000, 0x0000000082a00000| Untracked 
|  19|0x0000000082b00000, 0x0000000082b00000, 0x0000000082c00000|  0%| F|  |TAMS 0x0000000082b00000, 0x0000000082b00000| Untracked 
|  20|0x0000000082c00000, 0x0000000082c00000, 0x0000000082d00000|  0%| F|  |TAMS 0x0000000082c00000, 0x0000000082c00000| Untracked 
|  21|0x0000000082d00000, 0x0000000082d00000, 0x0000000082e00000|  0%| F|  |TAMS 0x0000000082d00000, 0x0000000082d00000| Untracked 
|  22|0x0000000082e00000, 0x0000000082e00000, 0x0000000082f00000|  0%| F|  |TAMS 0x0000000082e00000, 0x0000000082e00000| Untracked 
|  23|0x0000000082f00000, 0x0000000082f00000, 0x0000000083000000|  0%| F|  |TAMS 0x0000000082f00000, 0x0000000082f00000| Untracked 
|  24|0x0000000083000000, 0x0000000083000000, 0x0000000083100000|  0%| F|  |TAMS 0x0000000083000000, 0x0000000083000000| Untracked 
|  25|0x0000000083100000, 0x0000000083100000, 0x0000000083200000|  0%| F|  |TAMS 0x0000000083100000, 0x0000000083100000| Untracked 
|  26|0x0000000083200000, 0x0000000083200000, 0x0000000083300000|  0%| F|  |TAMS 0x0000000083200000, 0x0000000083200000| Untracked 
|  27|0x0000000083300000, 0x0000000083300000, 0x0000000083400000|  0%| F|  |TAMS 0x0000000083300000, 0x0000000083300000| Untracked 
|  28|0x0000000083400000, 0x0000000083400000, 0x0000000083500000|  0%| F|  |TAMS 0x0000000083400000, 0x0000000083400000| Untracked 
|  29|0x0000000083500000, 0x0000000083500000, 0x0000000083600000|  0%| F|  |TAMS 0x0000000083500000, 0x0000000083500000| Untracked 
|  30|0x0000000083600000, 0x0000000083600000, 0x0000000083700000|  0%| F|  |TAMS 0x0000000083600000, 0x0000000083600000| Untracked 
|  31|0x0000000083700000, 0x0000000083700000, 0x0000000083800000|  0%| F|  |TAMS 0x0000000083700000, 0x0000000083700000| Untracked 
|  32|0x0000000083800000, 0x0000000083800000, 0x0000000083900000|  0%| F|  |TAMS 0x0000000083800000, 0x0000000083800000| Untracked 
|  33|0x0000000083900000, 0x0000000083900000, 0x0000000083a00000|  0%| F|  |TAMS 0x0000000083900000, 0x0000000083900000| Untracked 
|  34|0x0000000083a00000, 0x0000000083a00000, 0x0000000083b00000|  0%| F|  |TAMS 0x0000000083a00000, 0x0000000083a00000| Untracked 
|  35|0x0000000083b00000, 0x0000000083b00000, 0x0000000083c00000|  0%| F|  |TAMS 0x0000000083b00000, 0x0000000083b00000| Untracked 
|  36|0x0000000083c00000, 0x0000000083c00000, 0x0000000083d00000|  0%| F|  |TAMS 0x0000000083c00000, 0x0000000083c00000| Untracked 
|  37|0x0000000083d00000, 0x0000000083d00000, 0x0000000083e00000|  0%| F|  |TAMS 0x0000000083d00000, 0x0000000083d00000| Untracked 
|  38|0x0000000083e00000, 0x0000000083e00000, 0x0000000083f00000|  0%| F|  |TAMS 0x0000000083e00000, 0x0000000083e00000| Untracked 
|  39|0x0000000083f00000, 0x0000000083f00000, 0x0000000084000000|  0%| F|  |TAMS 0x0000000083f00000, 0x0000000083f00000| Untracked 
|  40|0x0000000084000000, 0x0000000084000000, 0x0000000084100000|  0%| F|  |TAMS 0x0000000084000000, 0x0000000084000000| Untracked 
|  41|0x0000000084100000, 0x0000000084100000, 0x0000000084200000|  0%| F|  |TAMS 0x0000000084100000, 0x0000000084100000| Untracked 
|  42|0x0000000084200000, 0x0000000084200000, 0x0000000084300000|  0%| F|  |TAMS 0x0000000084200000, 0x0000000084200000| Untracked 
|  43|0x0000000084300000, 0x0000000084300000, 0x0000000084400000|  0%| F|  |TAMS 0x0000000084300000, 0x0000000084300000| Untracked 
|  44|0x0000000084400000, 0x0000000084400000, 0x0000000084500000|  0%| F|  |TAMS 0x0000000084400000, 0x0000000084400000| Untracked 
|  45|0x0000000084500000, 0x0000000084500000, 0x0000000084600000|  0%| F|  |TAMS 0x0000000084500000, 0x0000000084500000| Untracked 
|  46|0x0000000084600000, 0x0000000084600000, 0x0000000084700000|  0%| F|  |TAMS 0x0000000084600000, 0x0000000084600000| Untracked 
|  47|0x0000000084700000, 0x0000000084700000, 0x0000000084800000|  0%| F|  |TAMS 0x0000000084700000, 0x0000000084700000| Untracked 
|  48|0x0000000084800000, 0x0000000084800000, 0x0000000084900000|  0%| F|  |TAMS 0x0000000084800000, 0x0000000084800000| Untracked 
|  49|0x0000000084900000, 0x0000000084900000, 0x0000000084a00000|  0%| F|  |TAMS 0x0000000084900000, 0x0000000084900000| Untracked 
|  50|0x0000000084a00000, 0x0000000084a00000, 0x0000000084b00000|  0%| F|  |TAMS 0x0000000084a00000, 0x0000000084a00000| Untracked 
|  51|0x0000000084b00000, 0x0000000084b00000, 0x0000000084c00000|  0%| F|  |TAMS 0x0000000084b00000, 0x0000000084b00000| Untracked 
|  52|0x0000000084c00000, 0x0000000084c00000, 0x0000000084d00000|  0%| F|  |TAMS 0x0000000084c00000, 0x0000000084c00000| Untracked 
|  53|0x0000000084d00000, 0x0000000084d00000, 0x0000000084e00000|  0%| F|  |TAMS 0x0000000084d00000, 0x0000000084d00000| Untracked 
|  54|0x0000000084e00000, 0x0000000084e00000, 0x0000000084f00000|  0%| F|  |TAMS 0x0000000084e00000, 0x0000000084e00000| Untracked 
|  55|0x0000000084f00000, 0x0000000084f00000, 0x0000000085000000|  0%| F|  |TAMS 0x0000000084f00000, 0x0000000084f00000| Untracked 
|  56|0x0000000085000000, 0x0000000085000000, 0x0000000085100000|  0%| F|  |TAMS 0x0000000085000000, 0x0000000085000000| Untracked 
|  57|0x0000000085100000, 0x0000000085100000, 0x0000000085200000|  0%| F|  |TAMS 0x0000000085100000, 0x0000000085100000| Untracked 
|  58|0x0000000085200000, 0x0000000085200000, 0x0000000085300000|  0%| F|  |TAMS 0x0000000085200000, 0x0000000085200000| Untracked 
|  59|0x0000000085300000, 0x0000000085300000, 0x0000000085400000|  0%| F|  |TAMS 0x0000000085300000, 0x0000000085300000| Untracked 
|  60|0x0000000085400000, 0x0000000085400000, 0x0000000085500000|  0%| F|  |TAMS 0x0000000085400000, 0x0000000085400000| Untracked 
|  61|0x0000000085500000, 0x0000000085500000, 0x0000000085600000|  0%| F|  |TAMS 0x0000000085500000, 0x0000000085500000| Untracked 
|  62|0x0000000085600000, 0x0000000085600000, 0x0000000085700000|  0%| F|  |TAMS 0x0000000085600000, 0x0000000085600000| Untracked 
|  63|0x0000000085700000, 0x0000000085700000, 0x0000000085800000|  0%| F|  |TAMS 0x0000000085700000, 0x0000000085700000| Untracked 
|  64|0x0000000085800000, 0x0000000085800000, 0x0000000085900000|  0%| F|  |TAMS 0x0000000085800000, 0x0000000085800000| Untracked 
|  65|0x0000000085900000, 0x0000000085900000, 0x0000000085a00000|  0%| F|  |TAMS 0x0000000085900000, 0x0000000085900000| Untracked 
|  66|0x0000000085a00000, 0x0000000085a00000, 0x0000000085b00000|  0%| F|  |TAMS 0x0000000085a00000, 0x0000000085a00000| Untracked 
|  67|0x0000000085b00000, 0x0000000085b00000, 0x0000000085c00000|  0%| F|  |TAMS 0x0000000085b00000, 0x0000000085b00000| Untracked 
|  68|0x0000000085c00000, 0x0000000085c00000, 0x0000000085d00000|  0%| F|  |TAMS 0x0000000085c00000, 0x0000000085c00000| Untracked 
|  69|0x0000000085d00000, 0x0000000085d00000, 0x0000000085e00000|  0%| F|  |TAMS 0x0000000085d00000, 0x0000000085d00000| Untracked 
|  70|0x0000000085e00000, 0x0000000085e00000, 0x0000000085f00000|  0%| F|  |TAMS 0x0000000085e00000, 0x0000000085e00000| Untracked 
|  71|0x0000000085f00000, 0x0000000085f00000, 0x0000000086000000|  0%| F|  |TAMS 0x0000000085f00000, 0x0000000085f00000| Untracked 
|  72|0x0000000086000000, 0x0000000086000000, 0x0000000086100000|  0%| F|  |TAMS 0x0000000086000000, 0x0000000086000000| Untracked 
|  73|0x0000000086100000, 0x0000000086100000, 0x0000000086200000|  0%| F|  |TAMS 0x0000000086100000, 0x0000000086100000| Untracked 
|  74|0x0000000086200000, 0x0000000086200000, 0x0000000086300000|  0%| F|  |TAMS 0x0000000086200000, 0x0000000086200000| Untracked 
|  75|0x0000000086300000, 0x0000000086300000, 0x0000000086400000|  0%| F|  |TAMS 0x0000000086300000, 0x0000000086300000| Untracked 
|  76|0x0000000086400000, 0x0000000086400000, 0x0000000086500000|  0%| F|  |TAMS 0x0000000086400000, 0x0000000086400000| Untracked 
|  77|0x0000000086500000, 0x0000000086500000, 0x0000000086600000|  0%| F|  |TAMS 0x0000000086500000, 0x0000000086500000| Untracked 
|  78|0x0000000086600000, 0x0000000086600000, 0x0000000086700000|  0%| F|  |TAMS 0x0000000086600000, 0x0000000086600000| Untracked 
|  79|0x0000000086700000, 0x0000000086700000, 0x0000000086800000|  0%| F|  |TAMS 0x0000000086700000, 0x0000000086700000| Untracked 
|  80|0x0000000086800000, 0x0000000086800000, 0x0000000086900000|  0%| F|  |TAMS 0x0000000086800000, 0x0000000086800000| Untracked 
|  81|0x0000000086900000, 0x0000000086900000, 0x0000000086a00000|  0%| F|  |TAMS 0x0000000086900000, 0x0000000086900000| Untracked 
|  82|0x0000000086a00000, 0x0000000086a00000, 0x0000000086b00000|  0%| F|  |TAMS 0x0000000086a00000, 0x0000000086a00000| Untracked 
|  83|0x0000000086b00000, 0x0000000086b00000, 0x0000000086c00000|  0%| F|  |TAMS 0x0000000086b00000, 0x0000000086b00000| Untracked 
|  84|0x0000000086c00000, 0x0000000086c00000, 0x0000000086d00000|  0%| F|  |TAMS 0x0000000086c00000, 0x0000000086c00000| Untracked 
|  85|0x0000000086d00000, 0x0000000086d00000, 0x0000000086e00000|  0%| F|  |TAMS 0x0000000086d00000, 0x0000000086d00000| Untracked 
|  86|0x0000000086e00000, 0x0000000086e00000, 0x0000000086f00000|  0%| F|  |TAMS 0x0000000086e00000, 0x0000000086e00000| Untracked 
|  87|0x0000000086f00000, 0x0000000086f00000, 0x0000000087000000|  0%| F|  |TAMS 0x0000000086f00000, 0x0000000086f00000| Untracked 
|  88|0x0000000087000000, 0x0000000087000000, 0x0000000087100000|  0%| F|  |TAMS 0x0000000087000000, 0x0000000087000000| Untracked 
|  89|0x0000000087100000, 0x0000000087100000, 0x0000000087200000|  0%| F|  |TAMS 0x0000000087100000, 0x0000000087100000| Untracked 
|  90|0x0000000087200000, 0x0000000087200000, 0x0000000087300000|  0%| F|  |TAMS 0x0000000087200000, 0x0000000087200000| Untracked 
|  91|0x0000000087300000, 0x0000000087300000, 0x0000000087400000|  0%| F|  |TAMS 0x0000000087300000, 0x0000000087300000| Untracked 
|  92|0x0000000087400000, 0x0000000087400000, 0x0000000087500000|  0%| F|  |TAMS 0x0000000087400000, 0x0000000087400000| Untracked 
|  93|0x0000000087500000, 0x0000000087500000, 0x0000000087600000|  0%| F|  |TAMS 0x0000000087500000, 0x0000000087500000| Untracked 
|  94|0x0000000087600000, 0x0000000087600000, 0x0000000087700000|  0%| F|  |TAMS 0x0000000087600000, 0x0000000087600000| Untracked 
|  95|0x0000000087700000, 0x0000000087700000, 0x0000000087800000|  0%| F|  |TAMS 0x0000000087700000, 0x0000000087700000| Untracked 
|  96|0x0000000087800000, 0x0000000087800000, 0x0000000087900000|  0%| F|  |TAMS 0x0000000087800000, 0x0000000087800000| Untracked 
|  97|0x0000000087900000, 0x0000000087900000, 0x0000000087a00000|  0%| F|  |TAMS 0x0000000087900000, 0x0000000087900000| Untracked 
|  98|0x0000000087a00000, 0x0000000087a00000, 0x0000000087b00000|  0%| F|  |TAMS 0x0000000087a00000, 0x0000000087a00000| Untracked 
|  99|0x0000000087b00000, 0x0000000087b00000, 0x0000000087c00000|  0%| F|  |TAMS 0x0000000087b00000, 0x0000000087b00000| Untracked 
| 100|0x0000000087c00000, 0x0000000087c00000, 0x0000000087d00000|  0%| F|  |TAMS 0x0000000087c00000, 0x0000000087c00000| Untracked 
| 101|0x0000000087d00000, 0x0000000087d00000, 0x0000000087e00000|  0%| F|  |TAMS 0x0000000087d00000, 0x0000000087d00000| Untracked 
| 102|0x0000000087e00000, 0x0000000087e00000, 0x0000000087f00000|  0%| F|  |TAMS 0x0000000087e00000, 0x0000000087e00000| Untracked 
| 103|0x0000000087f00000, 0x0000000087f00000, 0x0000000088000000|  0%| F|  |TAMS 0x0000000087f00000, 0x0000000087f00000| Untracked 
| 104|0x0000000088000000, 0x0000000088000000, 0x0000000088100000|  0%| F|  |TAMS 0x0000000088000000, 0x0000000088000000| Untracked 
| 105|0x0000000088100000, 0x0000000088100000, 0x0000000088200000|  0%| F|  |TAMS 0x0000000088100000, 0x0000000088100000| Untracked 
| 106|0x0000000088200000, 0x0000000088200000, 0x0000000088300000|  0%| F|  |TAMS 0x0000000088200000, 0x0000000088200000| Untracked 
| 107|0x0000000088300000, 0x0000000088300000, 0x0000000088400000|  0%| F|  |TAMS 0x0000000088300000, 0x0000000088300000| Untracked 
| 108|0x0000000088400000, 0x0000000088400000, 0x0000000088500000|  0%| F|  |TAMS 0x0000000088400000, 0x0000000088400000| Untracked 
| 109|0x0000000088500000, 0x0000000088500000, 0x0000000088600000|  0%| F|  |TAMS 0x0000000088500000, 0x0000000088500000| Untracked 
| 110|0x0000000088600000, 0x0000000088600000, 0x0000000088700000|  0%| F|  |TAMS 0x0000000088600000, 0x0000000088600000| Untracked 
| 111|0x0000000088700000, 0x0000000088700000, 0x0000000088800000|  0%| F|  |TAMS 0x0000000088700000, 0x0000000088700000| Untracked 
| 112|0x0000000088800000, 0x0000000088800000, 0x0000000088900000|  0%| F|  |TAMS 0x0000000088800000, 0x0000000088800000| Untracked 
| 113|0x0000000088900000, 0x00000000889ec490, 0x0000000088a00000| 92%| E|  |TAMS 0x0000000088900000, 0x0000000088900000| Complete 
| 114|0x0000000088a00000, 0x0000000088b00000, 0x0000000088b00000|100%| E|CS|TAMS 0x0000000088a00000, 0x0000000088a00000| Complete 
| 115|0x0000000088b00000, 0x0000000088c00000, 0x0000000088c00000|100%| E|CS|TAMS 0x0000000088b00000, 0x0000000088b00000| Complete 
| 116|0x0000000088c00000, 0x0000000088d00000, 0x0000000088d00000|100%| E|CS|TAMS 0x0000000088c00000, 0x0000000088c00000| Complete 
| 117|0x0000000088d00000, 0x0000000088e00000, 0x0000000088e00000|100%| E|CS|TAMS 0x0000000088d00000, 0x0000000088d00000| Complete 
| 118|0x0000000088e00000, 0x0000000088f00000, 0x0000000088f00000|100%| E|CS|TAMS 0x0000000088e00000, 0x0000000088e00000| Complete 
| 119|0x0000000088f00000, 0x0000000089000000, 0x0000000089000000|100%| E|CS|TAMS 0x0000000088f00000, 0x0000000088f00000| Complete 
| 120|0x0000000089000000, 0x0000000089100000, 0x0000000089100000|100%| E|  |TAMS 0x0000000089000000, 0x0000000089000000| Complete 
| 121|0x0000000089100000, 0x0000000089200000, 0x0000000089200000|100%| E|CS|TAMS 0x0000000089100000, 0x0000000089100000| Complete 
| 122|0x0000000089200000, 0x0000000089300000, 0x0000000089300000|100%| E|CS|TAMS 0x0000000089200000, 0x0000000089200000| Complete 
| 123|0x0000000089300000, 0x0000000089400000, 0x0000000089400000|100%| E|CS|TAMS 0x0000000089300000, 0x0000000089300000| Complete 
| 124|0x0000000089400000, 0x0000000089500000, 0x0000000089500000|100%| E|CS|TAMS 0x0000000089400000, 0x0000000089400000| Complete 
| 125|0x0000000089500000, 0x0000000089600000, 0x0000000089600000|100%| E|CS|TAMS 0x0000000089500000, 0x0000000089500000| Complete 
| 126|0x0000000089600000, 0x0000000089700000, 0x0000000089700000|100%| E|CS|TAMS 0x0000000089600000, 0x0000000089600000| Complete 
| 127|0x0000000089700000, 0x0000000089800000, 0x0000000089800000|100%| E|CS|TAMS 0x0000000089700000, 0x0000000089700000| Complete 

Card table byte_map: [0x0000018d98250000,0x0000018d98650000] _byte_map_base: 0x0000018d97e44000

Marking Bits (Prev, Next): (CMBitMap*) 0x0000018d853ec330, (CMBitMap*) 0x0000018d853ec370
 Prev Bits: [0x0000018d98a50000, 0x0000018d9a9f0000)
 Next Bits: [0x0000018d9a9f0000, 0x0000018d9c990000)

Polling page: 0x0000018d832c0000

Metaspace:

Usage:
  Non-class:     14.69 MB used.
      Class:      1.75 MB used.
       Both:     16.45 MB used.

Virtual space:
  Non-class space:       64.00 MB reserved,      14.81 MB ( 23%) committed,  1 nodes.
      Class space:        1.00 GB reserved,       1.88 MB ( <1%) committed,  1 nodes.
             Both:        1.06 GB reserved,      16.69 MB (  2%) committed. 

Chunk freelists:
   Non-Class:  652.00 KB
       Class:  14.14 MB
        Both:  14.77 MB

MaxMetaspaceSize: unlimited
CompressedClassSpaceSize: 1.00 GB
Initial GC threshold: 21.00 MB
Current GC threshold: 21.00 MB
CDS: off
MetaspaceReclaimPolicy: balanced
 - commit_granule_bytes: 65536.
 - commit_granule_words: 8192.
 - virtual_space_node_default_size: 8388608.
 - enlarge_chunks_in_place: 1.
 - new_chunks_are_fully_committed: 0.
 - uncommit_free_chunks: 1.
 - use_allocation_guard: 0.
 - handle_deallocations: 1.


Internal statistics:

num_allocs_failed_limit: 0.
num_arena_births: 168.
num_arena_deaths: 0.
num_vsnodes_births: 2.
num_vsnodes_deaths: 0.
num_space_committed: 267.
num_space_uncommitted: 0.
num_chunks_returned_to_freelist: 0.
num_chunks_taken_from_freelist: 345.
num_chunk_merges: 0.
num_chunk_splits: 204.
num_chunks_enlarged: 117.
num_inconsistent_stats: 0.

CodeHeap 'non-profiled nmethods': size=120000Kb used=332Kb max_used=332Kb free=119667Kb
 bounds [0x0000018d905f0000, 0x0000018d90860000, 0x0000018d97b20000]
CodeHeap 'profiled nmethods': size=120000Kb used=1723Kb max_used=1723Kb free=118276Kb
 bounds [0x0000018d88b20000, 0x0000018d88d90000, 0x0000018d90050000]
CodeHeap 'non-nmethods': size=5760Kb used=1190Kb max_used=1215Kb free=4569Kb
 bounds [0x0000018d90050000, 0x0000018d902c0000, 0x0000018d905f0000]
 total_blobs=1575 nmethods=1089 adapters=399
 compilation: enabled
              stopped_count=0, restarted_count=0
 full_count=0

Compilation events (20 events):
Event: 0.660 Thread 0x0000018d9f57d260 1079       3       java.util.Optional::of (12 bytes)
Event: 0.660 Thread 0x0000018d9f57d260 nmethod 1079 0x0000018d88cca810 code [0x0000018d88cca9e0, 0x0000018d88ccad88]
Event: 0.660 Thread 0x0000018d9f57d260 1080       3       java.lang.ref.Reference::clear (5 bytes)
Event: 0.660 Thread 0x0000018d9f57d260 nmethod 1080 0x0000018d88ccaf10 code [0x0000018d88ccb0a0, 0x0000018d88ccb1e8]
Event: 0.660 Thread 0x0000018d9f57d260 1082       3       java.nio.DirectByteBuffer::<init> (60 bytes)
Event: 0.660 Thread 0x0000018d9f57d260 nmethod 1082 0x0000018d88ccb290 code [0x0000018d88ccb460, 0x0000018d88ccb878]
Event: 0.660 Thread 0x0000018d9f57d260 1083       3       java.nio.MappedByteBuffer::<init> (24 bytes)
Event: 0.661 Thread 0x0000018d9f57d260 nmethod 1083 0x0000018d88ccba10 code [0x0000018d88ccbbc0, 0x0000018d88ccbd68]
Event: 0.661 Thread 0x0000018d9f57d260 1084   !   3       jdk.internal.ref.PhantomCleanable::remove (60 bytes)
Event: 0.661 Thread 0x0000018d9f57d260 nmethod 1084 0x0000018d88ccbe10 code [0x0000018d88ccbfc0, 0x0000018d88ccc3d8]
Event: 0.661 Thread 0x0000018d9f57d260 1085       3       java.nio.DirectByteBufferR::slice (5 bytes)
Event: 0.661 Thread 0x0000018d9f57d260 nmethod 1085 0x0000018d88ccc590 code [0x0000018d88ccc740, 0x0000018d88ccc888]
Event: 0.661 Thread 0x0000018d9f57d260 1086       3       java.nio.DirectByteBufferR::slice (74 bytes)
Event: 0.661 Thread 0x0000018d9f57d260 nmethod 1086 0x0000018d88ccc910 code [0x0000018d88cccac0, 0x0000018d88cccd68]
Event: 0.661 Thread 0x0000018d9f57d260 1087       3       java.lang.ClassLoader::postDefineClass (39 bytes)
Event: 0.661 Thread 0x0000018d9f40e170 nmethod 1075 0x0000018d90642290 code [0x0000018d90642420, 0x0000018d90642ab8]
Event: 0.661 Thread 0x0000018d9f40e170 1078       4       java.lang.invoke.MemberName::getReferenceKind (12 bytes)
Event: 0.661 Thread 0x0000018d9f57d260 nmethod 1087 0x0000018d88ccce90 code [0x0000018d88ccd080, 0x0000018d88ccd398]
Event: 0.661 Thread 0x0000018d9f57d260 1088       3       java.nio.HeapByteBuffer::getInt (29 bytes)
Event: 0.662 Thread 0x0000018d9f40e170 nmethod 1078 0x0000018d90642e90 code [0x0000018d90643000, 0x0000018d90643078]

GC Heap History (0 events):
No events

Dll operation events (1 events):
Event: 0.006 Loaded shared library C:\Program Files\JetBrains\IntelliJ IDEA Community Edition 2024.1.4\jbr\bin\java.dll

Deoptimization events (20 events):
Event: 0.559 Thread 0x0000018da41cde60 Uncommon trap: trap_request=0xffffffc6 fr.pc=0x0000018d90637720 relative=0x00000000000000e0
Event: 0.559 Thread 0x0000018da41cde60 Uncommon trap: reason=bimorphic_or_optimized_type_check action=maybe_recompile pc=0x0000018d90637720 method=sun.security.util.math.intpoly.IntegerPolynomial$MutableElement.setProduct(Lsun/security/util/math/IntegerModuloP;)Lsun/security/util/math/intpoly/
Event: 0.559 Thread 0x0000018da41cde60 DEOPT PACKING pc=0x0000018d90637720 sp=0x000000343f6fe2d0
Event: 0.559 Thread 0x0000018da41cde60 DEOPT UNPACKING pc=0x0000018d900a69a3 sp=0x000000343f6fe1f8 mode 2
Event: 0.559 Thread 0x0000018da41cde60 Uncommon trap: trap_request=0xffffffc6 fr.pc=0x0000018d90637720 relative=0x00000000000000e0
Event: 0.559 Thread 0x0000018da41cde60 Uncommon trap: reason=bimorphic_or_optimized_type_check action=maybe_recompile pc=0x0000018d90637720 method=sun.security.util.math.intpoly.IntegerPolynomial$MutableElement.setProduct(Lsun/security/util/math/IntegerModuloP;)Lsun/security/util/math/intpoly/
Event: 0.559 Thread 0x0000018da41cde60 DEOPT PACKING pc=0x0000018d90637720 sp=0x000000343f6fe2d0
Event: 0.559 Thread 0x0000018da41cde60 DEOPT UNPACKING pc=0x0000018d900a69a3 sp=0x000000343f6fe1f8 mode 2
Event: 0.559 Thread 0x0000018da41cde60 Uncommon trap: trap_request=0xffffffc6 fr.pc=0x0000018d90637720 relative=0x00000000000000e0
Event: 0.559 Thread 0x0000018da41cde60 Uncommon trap: reason=bimorphic_or_optimized_type_check action=maybe_recompile pc=0x0000018d90637720 method=sun.security.util.math.intpoly.IntegerPolynomial$MutableElement.setProduct(Lsun/security/util/math/IntegerModuloP;)Lsun/security/util/math/intpoly/
Event: 0.559 Thread 0x0000018da41cde60 DEOPT PACKING pc=0x0000018d90637720 sp=0x000000343f6fe2d0
Event: 0.559 Thread 0x0000018da41cde60 DEOPT UNPACKING pc=0x0000018d900a69a3 sp=0x000000343f6fe1f8 mode 2
Event: 0.559 Thread 0x0000018da41cde60 Uncommon trap: trap_request=0xffffffc6 fr.pc=0x0000018d90637720 relative=0x00000000000000e0
Event: 0.559 Thread 0x0000018da41cde60 Uncommon trap: reason=bimorphic_or_optimized_type_check action=maybe_recompile pc=0x0000018d90637720 method=sun.security.util.math.intpoly.IntegerPolynomial$MutableElement.setProduct(Lsun/security/util/math/IntegerModuloP;)Lsun/security/util/math/intpoly/
Event: 0.559 Thread 0x0000018da41cde60 DEOPT PACKING pc=0x0000018d90637720 sp=0x000000343f6fe2d0
Event: 0.559 Thread 0x0000018da41cde60 DEOPT UNPACKING pc=0x0000018d900a69a3 sp=0x000000343f6fe1f8 mode 2
Event: 0.597 Thread 0x0000018da41c9460 Uncommon trap: trap_request=0xffffff45 fr.pc=0x0000018d90609f14 relative=0x0000000000000994
Event: 0.597 Thread 0x0000018da41c9460 Uncommon trap: reason=unstable_if action=reinterpret pc=0x0000018d90609f14 method=java.util.HashMap.putVal(ILjava/lang/Object;Ljava/lang/Object;ZZ)Ljava/lang/Object; @ 81 c2
Event: 0.597 Thread 0x0000018da41c9460 DEOPT PACKING pc=0x0000018d90609f14 sp=0x000000343f4fedc0
Event: 0.597 Thread 0x0000018da41c9460 DEOPT UNPACKING pc=0x0000018d900a69a3 sp=0x000000343f4fed90 mode 2

Classes unloaded (0 events):
No events

Classes redefined (0 events):
No events

Internal exceptions (20 events):
Event: 0.299 Thread 0x0000018d831ae7c0 Exception <a 'java/lang/NoSuchMethodError'{0x0000000089365618}: 'java.lang.Object java.lang.invoke.DirectMethodHandle$Holder.invokeStaticInit(java.lang.Object, java.lang.Object, int, int, int, int)'> (0x0000000089365618) 
thrown [s\src\hotspot\share\interpreter\linkResolver.cpp, line 771]
Event: 0.306 Thread 0x0000018d831ae7c0 Exception <a 'java/lang/NoSuchMethodError'{0x00000000893ce8a0}: 'java.lang.Object java.lang.invoke.DirectMethodHandle$Holder.invokeStatic(java.lang.Object, java.lang.Object, int)'> (0x00000000893ce8a0) 
thrown [s\src\hotspot\share\interpreter\linkResolver.cpp, line 771]
Event: 0.306 Thread 0x0000018d831ae7c0 Exception <a 'java/lang/NoSuchMethodError'{0x00000000893d2018}: 'java.lang.Object java.lang.invoke.DirectMethodHandle$Holder.invokeStaticInit(java.lang.Object, java.lang.Object, int)'> (0x00000000893d2018) 
thrown [s\src\hotspot\share\interpreter\linkResolver.cpp, line 771]
Event: 0.307 Thread 0x0000018d831ae7c0 Exception <a 'java/lang/NoSuchMethodError'{0x00000000893d83c8}: 'java.lang.Object java.lang.invoke.DirectMethodHandle$Holder.newInvokeSpecial(java.lang.Object, java.lang.Object, int)'> (0x00000000893d83c8) 
thrown [s\src\hotspot\share\interpreter\linkResolver.cpp, line 771]
Event: 0.310 Thread 0x0000018d831ae7c0 Exception <a 'java/lang/NoSuchMethodError'{0x00000000893e7b78}: 'int java.lang.invoke.DirectMethodHandle$Holder.invokeStaticInit(java.lang.Object, java.lang.Object, java.lang.Object)'> (0x00000000893e7b78) 
thrown [s\src\hotspot\share\interpreter\linkResolver.cpp, line 771]
Event: 0.313 Thread 0x0000018d831ae7c0 Exception <a 'java/lang/NoSuchMethodError'{0x00000000893f7fb8}: 'int java.lang.invoke.DirectMethodHandle$Holder.invokeSpecial(java.lang.Object, java.lang.Object, java.lang.Object)'> (0x00000000893f7fb8) 
thrown [s\src\hotspot\share\interpreter\linkResolver.cpp, line 771]
Event: 0.314 Thread 0x0000018d831ae7c0 Exception <a 'java/lang/NoSuchMethodError'{0x0000000089200888}: 'int java.lang.invoke.DirectMethodHandle$Holder.invokeSpecialIFC(java.lang.Object, java.lang.Object, java.lang.Object)'> (0x0000000089200888) 
thrown [s\src\hotspot\share\interpreter\linkResolver.cpp, line 771]
Event: 0.339 Thread 0x0000018d831ae7c0 Exception <a 'java/lang/NoSuchMethodError'{0x000000008928ce78}: 'java.lang.Object java.lang.invoke.DirectMethodHandle$Holder.invokeStaticInit(java.lang.Object)'> (0x000000008928ce78) 
thrown [s\src\hotspot\share\interpreter\linkResolver.cpp, line 771]
Event: 0.397 Thread 0x0000018d831ae7c0 Exception <a 'java/lang/NoSuchMethodError'{0x0000000089002588}: 'java.lang.Object java.lang.invoke.DirectMethodHandle$Holder.newInvokeSpecial(java.lang.Object, java.lang.Object, java.lang.Object, java.lang.Object, java.lang.Object)'> (0x0000000089002588) 
thrown [s\src\hotspot\share\interpreter\linkResolver.cpp, line 771]
Event: 0.439 Thread 0x0000018d831ae7c0 Exception <a 'java/lang/NoSuchMethodError'{0x0000000088f90d18}: 'java.lang.Object java.lang.invoke.DirectMethodHandle$Holder.invokeSpecial(java.lang.Object, java.lang.Object, java.lang.Object, java.lang.Object, int)'> (0x0000000088f90d18) 
thrown [s\src\hotspot\share\interpreter\linkResolver.cpp, line 771]
Event: 0.439 Thread 0x0000018d831ae7c0 Exception <a 'java/lang/NoSuchMethodError'{0x0000000088f948e0}: 'java.lang.Object java.lang.invoke.Invokers$Holder.linkToTargetMethod(java.lang.Object, java.lang.Object, int, java.lang.Object)'> (0x0000000088f948e0) 
thrown [s\src\hotspot\share\interpreter\linkResolver.cpp, line 771]
Event: 0.447 Thread 0x0000018d831ae7c0 Exception <a 'java/lang/NoSuchMethodError'{0x0000000088ff15c0}: 'void java.lang.invoke.DirectMethodHandle$Holder.invokeSpecial(java.lang.Object, java.lang.Object, java.lang.Object)'> (0x0000000088ff15c0) 
thrown [s\src\hotspot\share\interpreter\linkResolver.cpp, line 771]
Event: 0.459 Thread 0x0000018d831ae7c0 Exception <a 'java/lang/NoSuchMethodError'{0x0000000088e790c0}: 'void java.lang.invoke.DirectMethodHandle$Holder.invokeSpecial(java.lang.Object, java.lang.Object, java.lang.Object, java.lang.Object, java.lang.Object)'> (0x0000000088e790c0) 
thrown [s\src\hotspot\share\interpreter\linkResolver.cpp, line 771]
Event: 0.459 Thread 0x0000018da41c9460 Exception <a 'java/lang/NoSuchMethodError'{0x0000000088e932c8}: 'void java.lang.invoke.DirectMethodHandle$Holder.invokeStatic(java.lang.Object, java.lang.Object, int)'> (0x0000000088e932c8) 
thrown [s\src\hotspot\share\interpreter\linkResolver.cpp, line 771]
Event: 0.467 Thread 0x0000018da41cde60 Exception <a 'java/lang/NoSuchMethodError'{0x0000000088d9a660}: 'void java.lang.invoke.DirectMethodHandle$Holder.invokeInterface(java.lang.Object, java.lang.Object, java.lang.Object)'> (0x0000000088d9a660) 
thrown [s\src\hotspot\share\interpreter\linkResolver.cpp, line 771]
Event: 0.470 Thread 0x0000018da41cde60 Exception <a 'java/lang/NoSuchMethodError'{0x0000000088db0b48}: 'int java.lang.invoke.DirectMethodHandle$Holder.invokeStaticInit(java.lang.Object, int, int)'> (0x0000000088db0b48) 
thrown [s\src\hotspot\share\interpreter\linkResolver.cpp, line 771]
Event: 0.476 Thread 0x0000018da41cde60 Exception <a 'java/lang/NoSuchMethodError'{0x0000000088df38b0}: 'void java.lang.invoke.DirectMethodHandle$Holder.invokeVirtual(java.lang.Object, java.lang.Object)'> (0x0000000088df38b0) 
thrown [s\src\hotspot\share\interpreter\linkResolver.cpp, line 771]
Event: 0.534 Thread 0x0000018da41cde60 Exception <a 'java/lang/NoSuchMethodError'{0x0000000088b42de8}: 'void java.lang.invoke.DirectMethodHandle$Holder.invokeInterface(java.lang.Object, java.lang.Object)'> (0x0000000088b42de8) 
thrown [s\src\hotspot\share\interpreter\linkResolver.cpp, line 771]
Event: 0.574 Thread 0x0000018da41cde60 Exception <a 'java/lang/NoSuchMethodError'{0x0000000088bc4350}: 'void java.lang.invoke.DirectMethodHandle$Holder.invokeStatic(java.lang.Object, java.lang.Object, java.lang.Object, java.lang.Object)'> (0x0000000088bc4350) 
thrown [s\src\hotspot\share\interpreter\linkResolver.cpp, line 771]
Event: 0.657 Thread 0x0000018da41cde60 Exception <a 'java/lang/NoSuchMethodError'{0x00000000889939e8}: 'void java.lang.invoke.DirectMethodHandle$Holder.invokeSpecial(java.lang.Object, java.lang.Object, java.lang.Object, java.lang.Object, java.lang.Object, java.lang.Object, java.lang.Object)'> (0x00000000889939e8) 
thrown [s\src\hotspot\share\interpreter\linkResolver.cpp, line 771]

VM Operations (10 events):
Event: 0.097 Executing VM operation: HandshakeAllThreads
Event: 0.097 Executing VM operation: HandshakeAllThreads done
Event: 0.109 Executing VM operation: HandshakeAllThreads
Event: 0.109 Executing VM operation: HandshakeAllThreads done
Event: 0.262 Executing VM operation: HandshakeAllThreads
Event: 0.262 Executing VM operation: HandshakeAllThreads done
Event: 0.341 Executing VM operation: HandshakeAllThreads
Event: 0.341 Executing VM operation: HandshakeAllThreads done
Event: 0.659 Executing VM operation: HandshakeAllThreads
Event: 0.659 Executing VM operation: HandshakeAllThreads done

Events (20 events):
Event: 0.649 loading class java/util/stream/ReferencePipeline$5
Event: 0.649 loading class java/util/stream/LongPipeline$StatelessOp
Event: 0.649 loading class java/util/stream/LongPipeline
Event: 0.649 loading class java/util/stream/LongStream
Event: 0.650 loading class java/util/stream/LongStream done
Event: 0.650 loading class java/util/stream/LongPipeline done
Event: 0.650 loading class java/util/stream/LongPipeline$StatelessOp done
Event: 0.650 loading class java/util/stream/ReferencePipeline$5 done
Event: 0.650 loading class java/util/stream/FindOps$FindSink$OfLong
Event: 0.650 loading class java/util/stream/Sink$OfLong
Event: 0.650 loading class java/util/function/LongConsumer
Event: 0.650 loading class java/util/function/LongConsumer done
Event: 0.650 loading class java/util/stream/Sink$OfLong done
Event: 0.650 loading class java/util/stream/FindOps$FindSink$OfLong done
Event: 0.650 loading class java/util/OptionalLong
Event: 0.650 loading class java/util/OptionalLong done
Event: 0.651 loading class java/util/stream/ReferencePipeline$5$1
Event: 0.651 loading class java/util/stream/ReferencePipeline$5$1 done
Event: 0.659 loading class java/nio/HeapByteBufferR
Event: 0.659 loading class java/nio/HeapByteBufferR done


Dynamic libraries:
0x00007ff6a2950000 - 0x00007ff6a295a000 	C:\Program Files\JetBrains\IntelliJ IDEA Community Edition 2024.1.4\jbr\bin\java.exe
0x00007ffe5ed70000 - 0x00007ffe5ef68000 	C:\WINDOWS\SYSTEM32\ntdll.dll
0x00007ffe5da70000 - 0x00007ffe5db32000 	C:\WINDOWS\System32\KERNEL32.DLL
0x00007ffe5c930000 - 0x00007ffe5cc2e000 	C:\WINDOWS\System32\KERNELBASE.dll
0x00007ffe5c830000 - 0x00007ffe5c930000 	C:\WINDOWS\System32\ucrtbase.dll
0x00007ffe50b40000 - 0x00007ffe50b57000 	C:\Program Files\JetBrains\IntelliJ IDEA Community Edition 2024.1.4\jbr\bin\jli.dll
0x00007ffe5ea80000 - 0x00007ffe5ec1d000 	C:\WINDOWS\System32\USER32.dll
0x00007ffe5c4b0000 - 0x00007ffe5c4d2000 	C:\WINDOWS\System32\win32u.dll
0x00007ffe44ab0000 - 0x00007ffe44d4a000 	C:\WINDOWS\WinSxS\amd64_microsoft.windows.common-controls_6595b64144ccf1df_6.0.19041.4355_none_60b8b9eb71f62e16\COMCTL32.dll
0x00007ffe43910000 - 0x00007ffe4392b000 	C:\Program Files\JetBrains\IntelliJ IDEA Community Edition 2024.1.4\jbr\bin\VCRUNTIME140.dll
0x00007ffe5e880000 - 0x00007ffe5e8ab000 	C:\WINDOWS\System32\GDI32.dll
0x00007ffe5e9e0000 - 0x00007ffe5ea7e000 	C:\WINDOWS\System32\msvcrt.dll
0x00007ffe5c4e0000 - 0x00007ffe5c5f7000 	C:\WINDOWS\System32\gdi32full.dll
0x00007ffe5c410000 - 0x00007ffe5c4ad000 	C:\WINDOWS\System32\msvcp_win.dll
0x00007ffe5d0a0000 - 0x00007ffe5d0cf000 	C:\WINDOWS\System32\IMM32.DLL
0x00007ffe54c30000 - 0x00007ffe54c3c000 	C:\Program Files\JetBrains\IntelliJ IDEA Community Edition 2024.1.4\jbr\bin\vcruntime140_1.dll
0x00007ffe035a0000 - 0x00007ffe0362d000 	C:\Program Files\JetBrains\IntelliJ IDEA Community Edition 2024.1.4\jbr\bin\msvcp140.dll
0x00007ffdf2940000 - 0x00007ffdf35c3000 	C:\Program Files\JetBrains\IntelliJ IDEA Community Edition 2024.1.4\jbr\bin\server\jvm.dll
0x00007ffe5db50000 - 0x00007ffe5dc02000 	C:\WINDOWS\System32\ADVAPI32.dll
0x00007ffe5d560000 - 0x00007ffe5d600000 	C:\WINDOWS\System32\sechost.dll
0x00007ffe5cf00000 - 0x00007ffe5d023000 	C:\WINDOWS\System32\RPCRT4.dll
0x00007ffe5c800000 - 0x00007ffe5c827000 	C:\WINDOWS\System32\bcrypt.dll
0x00007ffe3fe40000 - 0x00007ffe3fe49000 	C:\WINDOWS\SYSTEM32\WSOCK32.dll
0x00007ffe5b950000 - 0x00007ffe5b99b000 	C:\WINDOWS\SYSTEM32\POWRPROF.dll
0x00007ffe5e080000 - 0x00007ffe5e0eb000 	C:\WINDOWS\System32\WS2_32.dll
0x00007ffe41ff0000 - 0x00007ffe42017000 	C:\WINDOWS\SYSTEM32\WINMM.dll
0x00007ffe522b0000 - 0x00007ffe522ba000 	C:\WINDOWS\SYSTEM32\VERSION.dll
0x00007ffe5b810000 - 0x00007ffe5b822000 	C:\WINDOWS\SYSTEM32\UMPDC.dll
0x00007ffe5ac80000 - 0x00007ffe5ac92000 	C:\WINDOWS\SYSTEM32\kernel.appcore.dll
0x00007ffe54be0000 - 0x00007ffe54bea000 	C:\Program Files\JetBrains\IntelliJ IDEA Community Edition 2024.1.4\jbr\bin\jimage.dll
0x00007ffe5a940000 - 0x00007ffe5ab24000 	C:\WINDOWS\SYSTEM32\DBGHELP.DLL
0x00007ffe3fd50000 - 0x00007ffe3fd84000 	C:\WINDOWS\SYSTEM32\dbgcore.DLL
0x00007ffe5c770000 - 0x00007ffe5c7f2000 	C:\WINDOWS\System32\bcryptPrimitives.dll
0x00007ffe541f0000 - 0x00007ffe54215000 	C:\Program Files\JetBrains\IntelliJ IDEA Community Edition 2024.1.4\jbr\bin\java.dll
0x00007ffe541d0000 - 0x00007ffe541e8000 	C:\Program Files\JetBrains\IntelliJ IDEA Community Edition 2024.1.4\jbr\bin\zip.dll
0x00007ffe5e110000 - 0x00007ffe5e87f000 	C:\WINDOWS\System32\SHELL32.dll
0x00007ffe56f80000 - 0x00007ffe57724000 	C:\WINDOWS\SYSTEM32\windows.storage.dll
0x00007ffe5d600000 - 0x00007ffe5d953000 	C:\WINDOWS\System32\combase.dll
0x00007ffe5be40000 - 0x00007ffe5be6e000 	C:\WINDOWS\SYSTEM32\Wldp.dll
0x00007ffe5d410000 - 0x00007ffe5d4dd000 	C:\WINDOWS\System32\OLEAUT32.dll
0x00007ffe5ec80000 - 0x00007ffe5ed2d000 	C:\WINDOWS\System32\SHCORE.dll
0x00007ffe5ec20000 - 0x00007ffe5ec75000 	C:\WINDOWS\System32\shlwapi.dll
0x00007ffe5c340000 - 0x00007ffe5c364000 	C:\WINDOWS\SYSTEM32\profapi.dll
0x00007ffe53550000 - 0x00007ffe53569000 	C:\Program Files\JetBrains\IntelliJ IDEA Community Edition 2024.1.4\jbr\bin\net.dll
0x00007ffe507a0000 - 0x00007ffe508ad000 	C:\WINDOWS\SYSTEM32\WINHTTP.dll
0x00007ffe5bba0000 - 0x00007ffe5bc0a000 	C:\WINDOWS\system32\mswsock.dll
0x00007ffe53390000 - 0x00007ffe533a6000 	C:\Program Files\JetBrains\IntelliJ IDEA Community Edition 2024.1.4\jbr\bin\nio.dll
0x00007ffe5bd90000 - 0x00007ffe5bda8000 	C:\WINDOWS\SYSTEM32\CRYPTSP.dll
0x00007ffe5b450000 - 0x00007ffe5b484000 	C:\WINDOWS\system32\rsaenh.dll
0x00007ffe5c2c0000 - 0x00007ffe5c2ee000 	C:\WINDOWS\SYSTEM32\USERENV.dll
0x00007ffe5bdb0000 - 0x00007ffe5bdbc000 	C:\WINDOWS\SYSTEM32\CRYPTBASE.dll
0x00007ffe5b830000 - 0x00007ffe5b86b000 	C:\WINDOWS\SYSTEM32\IPHLPAPI.DLL
0x00007ffe5d250000 - 0x00007ffe5d258000 	C:\WINDOWS\System32\NSI.dll
0x00007ffe536f0000 - 0x00007ffe53707000 	C:\WINDOWS\SYSTEM32\dhcpcsvc6.DLL
0x00007ffe536d0000 - 0x00007ffe536ed000 	C:\WINDOWS\SYSTEM32\dhcpcsvc.DLL
0x00007ffe5b870000 - 0x00007ffe5b93a000 	C:\WINDOWS\SYSTEM32\DNSAPI.dll
0x00007ffe50f50000 - 0x00007ffe50f5e000 	C:\Program Files\JetBrains\IntelliJ IDEA Community Edition 2024.1.4\jbr\bin\sunmscapi.dll
0x00007ffe5cc30000 - 0x00007ffe5cd8c000 	C:\WINDOWS\System32\CRYPT32.dll
0x00007ffe5beb0000 - 0x00007ffe5bed7000 	C:\WINDOWS\SYSTEM32\ncrypt.dll
0x00007ffe5be70000 - 0x00007ffe5beab000 	C:\WINDOWS\SYSTEM32\NTASN1.dll
0x00007ffde8d90000 - 0x00007ffde8d97000 	C:\WINDOWS\system32\wshunix.dll
0x00007ffe50ea0000 - 0x00007ffe50ea9000 	C:\Program Files\JetBrains\IntelliJ IDEA Community Edition 2024.1.4\jbr\bin\extnet.dll

dbghelp: loaded successfully - version: 4.0.5 - missing functions: none
symbol engine: initialized successfully - sym options: 0x614 - pdb path: .;C:\Program Files\JetBrains\IntelliJ IDEA Community Edition 2024.1.4\jbr\bin;C:\WINDOWS\SYSTEM32;C:\WINDOWS\WinSxS\amd64_microsoft.windows.common-controls_6595b64144ccf1df_6.0.19041.4355_none_60b8b9eb71f62e16;C:\Program Files\JetBrains\IntelliJ IDEA Community Edition 2024.1.4\jbr\bin\server

VM Arguments:
java_command: git4idea.http.GitAskPassApp Username for 'https://github.com': 
java_class_path (initial): C:/Program Files/JetBrains/IntelliJ IDEA Community Edition 2024.1.4/plugins/vcs-git/lib/git4idea-rt.jar;C:/Program Files/JetBrains/IntelliJ IDEA Community Edition 2024.1.4/lib/externalProcess-rt.jar
Launcher Type: SUN_STANDARD

[Global flags]
     intx CICompilerCount                          = 4                                         {product} {ergonomic}
     uint ConcGCThreads                            = 2                                         {product} {ergonomic}
     uint G1ConcRefinementThreads                  = 8                                         {product} {ergonomic}
   size_t G1HeapRegionSize                         = 1048576                                   {product} {ergonomic}
    uintx GCDrainStackTargetSize                   = 64                                        {product} {ergonomic}
   size_t InitialHeapSize                          = 134217728                                 {product} {ergonomic}
   size_t MarkStackSize                            = 4194304                                   {product} {ergonomic}
   size_t MaxHeapSize                              = 2122317824                                {product} {ergonomic}
   size_t MaxNewSize                               = 1272971264                                {product} {ergonomic}
   size_t MinHeapDeltaBytes                        = 1048576                                   {product} {ergonomic}
   size_t MinHeapSize                              = 8388608                                   {product} {ergonomic}
    uintx NonNMethodCodeHeapSize                   = 5839372                                {pd product} {ergonomic}
    uintx NonProfiledCodeHeapSize                  = 122909434                              {pd product} {ergonomic}
    uintx ProfiledCodeHeapSize                     = 122909434                              {pd product} {ergonomic}
    uintx ReservedCodeCacheSize                    = 251658240                              {pd product} {ergonomic}
     bool SegmentedCodeCache                       = true                                      {product} {ergonomic}
   size_t SoftMaxHeapSize                          = 2122317824                             {manageable} {ergonomic}
     bool UseCompressedClassPointers               = true                           {product lp64_product} {ergonomic}
     bool UseCompressedOops                        = true                           {product lp64_product} {ergonomic}
     bool UseG1GC                                  = true                                      {product} {ergonomic}
     bool UseLargePagesIndividualAllocation        = false                                  {pd product} {ergonomic}

Logging:
Log output configuration:
 #0: stdout all=warning uptime,level,tags
 #1: stderr all=off uptime,level,tags

Environment Variables:
JAVA_HOME=C:\Users\Ruby Joy Nardo\openjdk-21.0.2_windows-x64_bin\jdk-21.0.2
PATH=C:\Program Files\Git\mingw64\libexec\git-core;C:\Program Files\Git\mingw64\libexec\git-core;C:\Program Files\Git\mingw64\bin;C:\Program Files\Git\usr\bin;C:\Users\Ruby Joy Nardo\bin;C:\Program Files\Common Files\Oracle\Java\javapath;C:\Program Files (x86)\Intel\Intel(R) Management Engine Components\iCLS;C:\Program Files\Intel\Intel(R) Management Engine Components\iCLS;C:\Windows\system32;C:\Windows;C:\Windows\System32\Wbem;C:\Windows\System32\WindowsPowerShell\v1.0;C:\Windows\System32\OpenSSH;C:\Program Files (x86)\Intel\Intel(R) Management Engine Components\DAL;C:\Program Files\Intel\Intel(R) Management Engine Components\DAL;C:\Program Files (x86)\Intel\Intel(R) Management Engine Components\IPT;C:\Program Files\Intel\Intel(R) Management Engine Components\IPT;C:\Program Files (x86)\NVIDIA Corporation\PhysX\Common;C:\WINDOWS\system32;C:\WINDOWS;C:\WINDOWS\System32\Wbem;C:\WINDOWS\System32\WindowsPowerShell\v1.0;C:\WINDOWS\System32\OpenSSH;C:\Program Files\dotnet;C:\Program Files\Git\cmd;C:\Program Files\nodejs;C:\ProgramData\chocolatey\bin;C:\msys64\mingw64\bin;C:\Program Files\Amazon\AWSCLIV2;C:\Program Files\Docker\Docker\resources\bin;C:\Program Files\MySQL\MySQL Shell 8.0\bin;C:\Users\Ruby Joy Nardo\openjdk-21.0.2_windows-x64_bin\jdk-21.0.2\bin;C:\Users\Ruby Joy Nardo\anaconda3;C:\Users\Ruby Joy Nardo\anaconda3\Library\mingw-w64\bin;C:\Users\Ruby Joy Nardo\anaconda3\Library\usr\bin;C:\Users\Ruby Joy Nardo\anaconda3\Library\bin;C:\Users\Ruby Joy Nardo\anaconda3\Scripts;C:\Users\Ruby Joy Nardo\AppData\Local\Microsoft\WindowsApps;C:\Users\Ruby Joy Nardo\AppData\Local\Programs\Hyper\resources\bin;C:\Users\Ruby Joy Nardo\AppData\Roaming\npm;C:\Program Files\MongoDB\mongosh\bin;C:\Program Files\heroku\bin;C:\Users\Ruby Joy Nardo\AppData\Local\Programs\Microsoft VS Code\bin;C:\Gradle\gradle-8.3\bin;C:\Program Files\JetBrains\IntelliJ IDEA Community Edition 2023.2.1\bin;C:\Users\Ruby Joy Nardo\AppData\Local\GitHubDesktop\bin;C:\Users\Ruby Joy Nardo\.m2\wrapper\dists\ap
USERNAME=Ruby Joy Nardo
DISPLAY=:0.0
LC_ALL=en_US.UTF-8
TERM=xterm-256color
TMPDIR=C:\Users\Ruby Joy Nardo\AppData\Local\Temp
OS=Windows_NT
PROCESSOR_IDENTIFIER=Intel64 Family 6 Model 142 Stepping 10, GenuineIntel
TMP=C:\Users\Ruby Joy Nardo\AppData\Local\Temp
TEMP=C:\Users\Ruby Joy Nardo\AppData\Local\Temp



Periodic native trim disabled

JNI global refs:
JNI global refs: 19, weak refs: 0

JNI global refs memory usage: 843, weak refs: 841

Process memory usage:
Resident Set Size: 72552K (0% of 8283460K total physical memory with 567860K free physical memory)

OOME stack traces (most recent first):
Classloader memory used:
Loader bootstrap                                                                       : 1869K
Loader jdk.internal.loader.ClassLoaders$PlatformClassLoader                            : 232K
Loader jdk.internal.loader.ClassLoaders$AppClassLoader                                 : 2337B
Loader jdk.internal.reflect.DelegatingClassLoader                                      : 864B


---------------  S Y S T E M  ---------------

OS:
 Windows 10 , 64 bit Build 19041 (10.0.19041.4957)
OS uptime: 0 days 0:39 hours
Hyper-V role detected

CPU: total 8 (initial active 8) (4 cores per cpu, 2 threads per core) family 6 model 142 stepping 10 microcode 0xb4, cx8, cmov, fxsr, ht, mmx, 3dnowpref, sse, sse2, sse3, ssse3, sse4.1, sse4.2, popcnt, lzcnt, tsc, tscinvbit, avx, avx2, aes, erms, clmul, bmi1, bmi2, adx, fma, vzeroupper, clflush, clflushopt, hv
Processor Information for all 8 processors :
  Max Mhz: 1992, Current Mhz: 1792, Mhz Limit: 1792

Memory: 4k page, system-wide physical 8089M (554M free)
TotalPageFile size 13239M (AvailPageFile size 2M)
current process WorkingSet (physical memory assigned to process): 70M, peak: 70M
current process commit charge ("private bytes"): 223M, peak: 224M

vm_info: OpenJDK 64-Bit Server VM (17.0.11+1-b1207.24) for windows-amd64 JRE (17.0.11+1-b1207.24), built on 2024-05-15 by "builduser" with MS VC++ 16.10 / 16.11 (VS2019)

END.
